[ 2019-02-26T17:50:59+08:00 ] 172.17.0.1 /Api/Home/getRecord/
INFO: [ app_init ] --START--
INFO: Run Behavior\BuildLiteBehavior [ RunTime:0.000005s ]
INFO: [ app_init ] --END-- [ RunTime:0.000053s ]
INFO: [ app_begin ] --START--
INFO: Run Behavior\ReadHtmlCacheBehavior [ RunTime:0.000047s ]
INFO: [ app_begin ] --END-- [ RunTime:0.000065s ]
NOTIC: [2] file_put_contents(/var/www/work/pcwww/Log/Home-getRecord.log): failed to open stream: No such file or directory /var/www/work/pcwww/Application/Custom/Helper/Util.class.php 第 117 行.
NOTIC: [2] Redis::connect(): connect() failed: Connection refused /var/www/work/pcwww/ThinkPHP/Library/Think/Cache/Driver/Redis.class.php 第 45 行.
ERR: Redis server went away

[ 2019-02-26T17:50:59+08:00 ] 172.17.0.1 /Api/Home/getArtist
INFO: [ app_init ] --START--
INFO: Run Behavior\BuildLiteBehavior [ RunTime:0.000006s ]
INFO: [ app_init ] --END-- [ RunTime:0.000058s ]
INFO: [ app_begin ] --START--
INFO: Run Behavior\ReadHtmlCacheBehavior [ RunTime:0.000025s ]
INFO: [ app_begin ] --END-- [ RunTime:0.000041s ]
NOTIC: [2] file_put_contents(/var/www/work/pcwww/Log/Home-getArtist.log): failed to open stream: No such file or directory /var/www/work/pcwww/Application/Custom/Helper/Util.class.php 第 117 行.
NOTIC: [2] Redis::connect(): connect() failed: Connection refused /var/www/work/pcwww/ThinkPHP/Library/Think/Cache/Driver/Redis.class.php 第 45 行.
ERR: Redis server went away

[ 2019-02-26T17:50:59+08:00 ] 172.17.0.1 /Api/WebsiteConfig/getWebConfig
INFO: [ app_init ] --START--
INFO: Run Behavior\BuildLiteBehavior [ RunTime:0.000004s ]
INFO: [ app_init ] --END-- [ RunTime:0.000025s ]
INFO: [ app_begin ] --START--
INFO: Run Behavior\ReadHtmlCacheBehavior [ RunTime:0.000064s ]
INFO: [ app_begin ] --END-- [ RunTime:0.000087s ]
NOTIC: [2] file_put_contents(/var/www/work/pcwww/Log/WebsiteConfig-getWebConfig.log): failed to open stream: No such file or directory /var/www/work/pcwww/Application/Custom/Helper/Util.class.php 第 117 行.
NOTIC: [2] Redis::connect(): connect() failed: Connection refused /var/www/work/pcwww/ThinkPHP/Library/Think/Cache/Driver/Redis.class.php 第 45 行.
ERR: Redis server went away

[ 2019-02-26T17:50:59+08:00 ] 172.17.0.1 /Api/UserCenter/getMyHomeDetail
INFO: [ app_init ] --START--
INFO: Run Behavior\BuildLiteBehavior [ RunTime:0.000007s ]
INFO: [ app_init ] --END-- [ RunTime:0.000047s ]
INFO: [ app_begin ] --START--
INFO: Run Behavior\ReadHtmlCacheBehavior [ RunTime:0.000022s ]
INFO: [ app_begin ] --END-- [ RunTime:0.000036s ]
NOTIC: [2] file_put_contents(/var/www/work/pcwww/Log/UserCenter-getMyHomeDetail.log): failed to open stream: No such file or directory /var/www/work/pcwww/Application/Custom/Helper/Util.class.php 第 117 行.
NOTIC: [2] Redis::connect(): connect() failed: Connection refused /var/www/work/pcwww/ThinkPHP/Library/Think/Cache/Driver/Redis.class.php 第 45 行.
ERR: Redis server went away

[ 2019-02-26T17:51:28+08:00 ] 172.17.0.1 /Api/Home/getRecord/
INFO: [ app_init ] --START--
INFO: Run Behavior\BuildLiteBehavior [ RunTime:0.000006s ]
INFO: [ app_init ] --END-- [ RunTime:0.000292s ]
INFO: [ app_begin ] --START--
INFO: Run Behavior\ReadHtmlCacheBehavior [ RunTime:0.000331s ]
INFO: [ app_begin ] --END-- [ RunTime:0.000345s ]
NOTIC: [2] file_put_contents(/var/www/work/pcwww/Log/Home-getRecord.log): failed to open stream: No such file or directory /var/www/work/pcwww/Application/Custom/Helper/Util.class.php 第 117 行.
NOTIC: [2] Redis::connect(): connect() failed: Connection refused /var/www/work/pcwww/ThinkPHP/Library/Think/Cache/Driver/Redis.class.php 第 45 行.
ERR: Redis server went away

[ 2019-02-26T17:51:28+08:00 ] 172.17.0.1 /Api/Home/getRecord/
INFO: [ app_init ] --START--
INFO: Run Behavior\BuildLiteBehavior [ RunTime:0.000003s ]
INFO: [ app_init ] --END-- [ RunTime:0.000025s ]
INFO: [ app_begin ] --START--
INFO: Run Behavior\ReadHtmlCacheBehavior [ RunTime:0.000014s ]
INFO: [ app_begin ] --END-- [ RunTime:0.000024s ]
NOTIC: [2] file_put_contents(/var/www/work/pcwww/Log/Home-getRecord.log): failed to open stream: No such file or directory /var/www/work/pcwww/Application/Custom/Helper/Util.class.php 第 117 行.
NOTIC: [2] Redis::connect(): connect() failed: Connection refused /var/www/work/pcwww/ThinkPHP/Library/Think/Cache/Driver/Redis.class.php 第 45 行.
ERR: Redis server went away

[ 2019-02-26T17:52:49+08:00 ] 172.17.0.1 /Api/Home/getRecord/
INFO: [ app_init ] --START--
INFO: Run Behavior\BuildLiteBehavior [ RunTime:0.000004s ]
INFO: [ app_init ] --END-- [ RunTime:0.000035s ]
INFO: [ app_begin ] --START--
INFO: Run Behavior\ReadHtmlCacheBehavior [ RunTime:0.000034s ]
INFO: [ app_begin ] --END-- [ RunTime:0.000062s ]
NOTIC: [2] file_put_contents(/var/www/work/pcwww/Log/Home-getRecord.log): failed to open stream: No such file or directory /var/www/work/pcwww/Application/Custom/Helper/Util.class.php 第 117 行.
NOTIC: [2] Redis::connect(): connect() failed: Connection refused /var/www/work/pcwww/ThinkPHP/Library/Think/Cache/Driver/Redis.class.php 第 45 行.
ERR: Redis server went away

[ 2019-02-26T17:52:49+08:00 ] 172.17.0.1 /Api/WebsiteConfig/getWebConfig
INFO: [ app_init ] --START--
INFO: Run Behavior\BuildLiteBehavior [ RunTime:0.000004s ]
INFO: [ app_init ] --END-- [ RunTime:0.000028s ]
INFO: [ app_begin ] --START--
INFO: Run Behavior\ReadHtmlCacheBehavior [ RunTime:0.000022s ]
INFO: [ app_begin ] --END-- [ RunTime:0.000037s ]
NOTIC: [2] file_put_contents(/var/www/work/pcwww/Log/WebsiteConfig-getWebConfig.log): failed to open stream: No such file or directory /var/www/work/pcwww/Application/Custom/Helper/Util.class.php 第 117 行.
NOTIC: [2] Redis::connect(): connect() failed: Connection refused /var/www/work/pcwww/ThinkPHP/Library/Think/Cache/Driver/Redis.class.php 第 45 行.
ERR: Redis server went away

[ 2019-02-26T17:52:49+08:00 ] 172.17.0.1 /Api/Home/getArtist
INFO: [ app_init ] --START--
INFO: Run Behavior\BuildLiteBehavior [ RunTime:0.000005s ]
INFO: [ app_init ] --END-- [ RunTime:0.000044s ]
INFO: [ app_begin ] --START--
INFO: Run Behavior\ReadHtmlCacheBehavior [ RunTime:0.000017s ]
INFO: [ app_begin ] --END-- [ RunTime:0.000028s ]
NOTIC: [2] file_put_contents(/var/www/work/pcwww/Log/Home-getArtist.log): failed to open stream: No such file or directory /var/www/work/pcwww/Application/Custom/Helper/Util.class.php 第 117 行.
NOTIC: [2] Redis::connect(): connect() failed: Connection refused /var/www/work/pcwww/ThinkPHP/Library/Think/Cache/Driver/Redis.class.php 第 45 行.
ERR: Redis server went away

[ 2019-02-26T17:52:49+08:00 ] 172.17.0.1 /Api/UserCenter/getMyHomeDetail
INFO: [ app_init ] --START--
INFO: Run Behavior\BuildLiteBehavior [ RunTime:0.000005s ]
INFO: [ app_init ] --END-- [ RunTime:0.000037s ]
INFO: [ app_begin ] --START--
INFO: Run Behavior\ReadHtmlCacheBehavior [ RunTime:0.000019s ]
INFO: [ app_begin ] --END-- [ RunTime:0.000032s ]
NOTIC: [2] file_put_contents(/var/www/work/pcwww/Log/UserCenter-getMyHomeDetail.log): failed to open stream: No such file or directory /var/www/work/pcwww/Application/Custom/Helper/Util.class.php 第 117 行.
NOTIC: [2] Redis::connect(): connect() failed: Connection refused /var/www/work/pcwww/ThinkPHP/Library/Think/Cache/Driver/Redis.class.php 第 45 行.
ERR: Redis server went away

[ 2019-02-26T18:16:22+08:00 ] 172.17.0.1 /Api/WebsiteConfig/getWebConfig
INFO: [ app_init ] --START--
INFO: Run Behavior\BuildLiteBehavior [ RunTime:0.000003s ]
INFO: [ app_init ] --END-- [ RunTime:0.000028s ]
INFO: [ app_begin ] --START--
INFO: Run Behavior\ReadHtmlCacheBehavior [ RunTime:0.000037s ]
INFO: [ app_begin ] --END-- [ RunTime:0.000062s ]
NOTIC: [2] file_put_contents(/var/www/work/pcwww/Log/WebsiteConfig-getWebConfig.log): failed to open stream: No such file or directory /var/www/work/pcwww/Application/Custom/Helper/Util.class.php 第 117 行.
NOTIC: [2] Redis::connect(): connect() failed: Connection refused /var/www/work/pcwww/ThinkPHP/Library/Think/Cache/Driver/Redis.class.php 第 45 行.
ERR: Redis server went away

[ 2019-02-26T18:16:22+08:00 ] 172.17.0.1 /Api/Home/getArtist
INFO: [ app_init ] --START--
INFO: Run Behavior\BuildLiteBehavior [ RunTime:0.000005s ]
INFO: [ app_init ] --END-- [ RunTime:0.000039s ]
INFO: [ app_begin ] --START--
INFO: Run Behavior\ReadHtmlCacheBehavior [ RunTime:0.000021s ]
INFO: [ app_begin ] --END-- [ RunTime:0.000037s ]
NOTIC: [2] file_put_contents(/var/www/work/pcwww/Log/Home-getArtist.log): failed to open stream: No such file or directory /var/www/work/pcwww/Application/Custom/Helper/Util.class.php 第 117 行.
NOTIC: [2] Redis::connect(): connect() failed: Connection refused /var/www/work/pcwww/ThinkPHP/Library/Think/Cache/Driver/Redis.class.php 第 45 行.
ERR: Redis server went away

[ 2019-02-26T18:16:22+08:00 ] 172.17.0.1 /Api/Home/getRecord/
INFO: [ app_init ] --START--
INFO: Run Behavior\BuildLiteBehavior [ RunTime:0.000005s ]
INFO: [ app_init ] --END-- [ RunTime:0.000037s ]
INFO: [ app_begin ] --START--
INFO: Run Behavior\ReadHtmlCacheBehavior [ RunTime:0.000023s ]
INFO: [ app_begin ] --END-- [ RunTime:0.000050s ]
NOTIC: [2] file_put_contents(/var/www/work/pcwww/Log/Home-getRecord.log): failed to open stream: No such file or directory /var/www/work/pcwww/Application/Custom/Helper/Util.class.php 第 117 行.
NOTIC: [2] Redis::connect(): connect() failed: Connection refused /var/www/work/pcwww/ThinkPHP/Library/Think/Cache/Driver/Redis.class.php 第 45 行.
ERR: Redis server went away

[ 2019-02-26T18:16:22+08:00 ] 172.17.0.1 /Api/UserCenter/getMyHomeDetail
INFO: [ app_init ] --START--
INFO: Run Behavior\BuildLiteBehavior [ RunTime:0.000006s ]
INFO: [ app_init ] --END-- [ RunTime:0.000049s ]
INFO: [ app_begin ] --START--
INFO: Run Behavior\ReadHtmlCacheBehavior [ RunTime:0.000024s ]
INFO: [ app_begin ] --END-- [ RunTime:0.000060s ]
NOTIC: [2] file_put_contents(/var/www/work/pcwww/Log/UserCenter-getMyHomeDetail.log): failed to open stream: No such file or directory /var/www/work/pcwww/Application/Custom/Helper/Util.class.php 第 117 行.
NOTIC: [2] Redis::connect(): connect() failed: Connection refused /var/www/work/pcwww/ThinkPHP/Library/Think/Cache/Driver/Redis.class.php 第 45 行.
ERR: Redis server went away

[ 2019-02-26T18:16:28+08:00 ] 172.17.0.1 /Api/Home/getRecord/
INFO: [ app_init ] --START--
INFO: Run Behavior\BuildLiteBehavior [ RunTime:0.000005s ]
INFO: [ app_init ] --END-- [ RunTime:0.000346s ]
INFO: [ app_begin ] --START--
INFO: Run Behavior\ReadHtmlCacheBehavior [ RunTime:0.000570s ]
INFO: [ app_begin ] --END-- [ RunTime:0.000595s ]
NOTIC: [2] file_put_contents(/var/www/work/pcwww/Log/Home-getRecord.log): failed to open stream: No such file or directory /var/www/work/pcwww/Application/Custom/Helper/Util.class.php 第 117 行.
NOTIC: [2] Redis::connect(): connect() failed: Connection refused /var/www/work/pcwww/ThinkPHP/Library/Think/Cache/Driver/Redis.class.php 第 45 行.
ERR: Redis server went away

[ 2019-02-26T18:16:28+08:00 ] 172.17.0.1 /Api/Home/getRecord/
INFO: [ app_init ] --START--
INFO: Run Behavior\BuildLiteBehavior [ RunTime:0.000004s ]
INFO: [ app_init ] --END-- [ RunTime:0.000026s ]
INFO: [ app_begin ] --START--
INFO: Run Behavior\ReadHtmlCacheBehavior [ RunTime:0.000013s ]
INFO: [ app_begin ] --END-- [ RunTime:0.000023s ]
NOTIC: [2] file_put_contents(/var/www/work/pcwww/Log/Home-getRecord.log): failed to open stream: No such file or directory /var/www/work/pcwww/Application/Custom/Helper/Util.class.php 第 117 行.
NOTIC: [2] Redis::connect(): connect() failed: Connection refused /var/www/work/pcwww/ThinkPHP/Library/Think/Cache/Driver/Redis.class.php 第 45 行.
ERR: Redis server went away

[ 2019-02-26T18:17:52+08:00 ] 172.17.0.1 /Api/Home/getArtist
INFO: [ app_init ] --START--
INFO: Run Behavior\BuildLiteBehavior [ RunTime:0.000006s ]
INFO: [ app_init ] --END-- [ RunTime:0.000046s ]
INFO: [ app_begin ] --START--
INFO: Run Behavior\ReadHtmlCacheBehavior [ RunTime:0.000037s ]
INFO: [ app_begin ] --END-- [ RunTime:0.000065s ]
NOTIC: [2] file_put_contents(/var/www/work/pcwww/Log/Home-getArtist.log): failed to open stream: No such file or directory /var/www/work/pcwww/Application/Custom/Helper/Util.class.php 第 117 行.
NOTIC: [2] Redis::connect(): connect() failed: Connection refused /var/www/work/pcwww/ThinkPHP/Library/Think/Cache/Driver/Redis.class.php 第 45 行.
ERR: Redis server went away

[ 2019-02-26T18:17:52+08:00 ] 172.17.0.1 /Api/Home/getRecord/
INFO: [ app_init ] --START--
INFO: Run Behavior\BuildLiteBehavior [ RunTime:0.000004s ]
INFO: [ app_init ] --END-- [ RunTime:0.000030s ]
INFO: [ app_begin ] --START--
INFO: Run Behavior\ReadHtmlCacheBehavior [ RunTime:0.000022s ]
INFO: [ app_begin ] --END-- [ RunTime:0.000036s ]
NOTIC: [2] file_put_contents(/var/www/work/pcwww/Log/Home-getRecord.log): failed to open stream: No such file or directory /var/www/work/pcwww/Application/Custom/Helper/Util.class.php 第 117 行.
NOTIC: [2] Redis::connect(): connect() failed: Connection refused /var/www/work/pcwww/ThinkPHP/Library/Think/Cache/Driver/Redis.class.php 第 45 行.
ERR: Redis server went away

[ 2019-02-26T18:17:52+08:00 ] 172.17.0.1 /Api/WebsiteConfig/getWebConfig
INFO: [ app_init ] --START--
INFO: Run Behavior\BuildLiteBehavior [ RunTime:0.000004s ]
INFO: [ app_init ] --END-- [ RunTime:0.000044s ]
INFO: [ app_begin ] --START--
INFO: Run Behavior\ReadHtmlCacheBehavior [ RunTime:0.000019s ]
INFO: [ app_begin ] --END-- [ RunTime:0.000030s ]
NOTIC: [2] file_put_contents(/var/www/work/pcwww/Log/WebsiteConfig-getWebConfig.log): failed to open stream: No such file or directory /var/www/work/pcwww/Application/Custom/Helper/Util.class.php 第 117 行.
NOTIC: [2] Redis::connect(): connect() failed: Connection refused /var/www/work/pcwww/ThinkPHP/Library/Think/Cache/Driver/Redis.class.php 第 45 行.
ERR: Redis server went away

[ 2019-02-26T18:17:52+08:00 ] 172.17.0.1 /Api/UserCenter/getMyHomeDetail
INFO: [ app_init ] --START--
INFO: Run Behavior\BuildLiteBehavior [ RunTime:0.000004s ]
INFO: [ app_init ] --END-- [ RunTime:0.000035s ]
INFO: [ app_begin ] --START--
INFO: Run Behavior\ReadHtmlCacheBehavior [ RunTime:0.000018s ]
INFO: [ app_begin ] --END-- [ RunTime:0.000030s ]
NOTIC: [2] file_put_contents(/var/www/work/pcwww/Log/UserCenter-getMyHomeDetail.log): failed to open stream: No such file or directory /var/www/work/pcwww/Application/Custom/Helper/Util.class.php 第 117 行.
NOTIC: [2] Redis::connect(): connect() failed: Connection refused /var/www/work/pcwww/ThinkPHP/Library/Think/Cache/Driver/Redis.class.php 第 45 行.
ERR: Redis server went away

[ 2019-02-26T18:17:52+08:00 ] 172.17.0.1 /Api/Home/getRecord/
INFO: [ app_init ] --START--
INFO: Run Behavior\BuildLiteBehavior [ RunTime:0.000006s ]
INFO: [ app_init ] --END-- [ RunTime:0.000058s ]
INFO: [ app_begin ] --START--
INFO: Run Behavior\ReadHtmlCacheBehavior [ RunTime:0.000023s ]
INFO: [ app_begin ] --END-- [ RunTime:0.000039s ]
NOTIC: [2] file_put_contents(/var/www/work/pcwww/Log/Home-getRecord.log): failed to open stream: No such file or directory /var/www/work/pcwww/Application/Custom/Helper/Util.class.php 第 117 行.
NOTIC: [2] Redis::connect(): connect() failed: Connection refused /var/www/work/pcwww/ThinkPHP/Library/Think/Cache/Driver/Redis.class.php 第 45 行.
ERR: Redis server went away

[ 2019-02-26T18:17:52+08:00 ] 172.17.0.1 /Api/Home/getRecord/
INFO: [ app_init ] --START--
INFO: Run Behavior\BuildLiteBehavior [ RunTime:0.000004s ]
INFO: [ app_init ] --END-- [ RunTime:0.000042s ]
INFO: [ app_begin ] --START--
INFO: Run Behavior\ReadHtmlCacheBehavior [ RunTime:0.000020s ]
INFO: [ app_begin ] --END-- [ RunTime:0.000053s ]
NOTIC: [2] file_put_contents(/var/www/work/pcwww/Log/Home-getRecord.log): failed to open stream: No such file or directory /var/www/work/pcwww/Application/Custom/Helper/Util.class.php 第 117 行.
NOTIC: [2] Redis::connect(): connect() failed: Connection refused /var/www/work/pcwww/ThinkPHP/Library/Think/Cache/Driver/Redis.class.php 第 45 行.
ERR: Redis server went away

